SLURM_JOBID=741207
SLURM_JOB_NODELIST=d09n09s02
SLURM_NNODES=1
SLURMTMPDIR=/scratch/741207
working directory = /ifs/user/npaliwal/hw4
Currently Loaded Modulefiles:
  1) null              4) intel-mpi/4.1.1   7) intel/13.0
  2) modules           5) matlab/R2013a     8) intel-mpi/4.1.0
  3) intel/13.1        6) starccm/7.06
Launch helloworld with srun
          10          10         148  0.000000000000000E+000
          50          50        3610  1.499800000000000E-002
         100         100       13377  0.193971000000000     
         250         250       73964   8.40272300000000     
         500         500      272999   117.054205000000     
         750         750      585459   663.301163000000     
srun: Job step aborted: Waiting up to 2 seconds for job step to finish.
slurmd[d09n09s02]: *** STEP 741207.0 CANCELLED AT 2013-11-05T18:38:19 DUE TO TIME LIMIT ***
slurmd[d09n09s02]: *** JOB 741207 CANCELLED AT 2013-11-05T18:38:19 DUE TO TIME LIMIT ***
forrtl: error (78): process killed (SIGTERM)
Image              PC                Routine            Line        Source             
jacobi_e5          0000000000481F53  Unknown               Unknown  Unknown
jacobi_e5          00000000004042D3  Unknown               Unknown  Unknown

Stack trace terminated abnormally.
srun: error: d09n09s02: task 0: Exited with exit code 1
